Determining if the pthread_create exist failed with the following output:
Change Dir: /home/andrew/catkin_ws/src/controller_test/CMakeFiles/CMakeTmp

Run Build Command:/usr/bin/make "cmTryCompileExec1459847975/fast"
/usr/bin/make -f CMakeFiles/cmTryCompileExec1459847975.dir/build.make CMakeFiles/cmTryCompileExec1459847975.dir/build
make[1]: Entering directory `/home/andrew/catkin_ws/src/controller_test/CMakeFiles/CMakeTmp'
/usr/bin/cmake -E cmake_progress_report /home/andrew/catkin_ws/src/controller_test/CMakeFiles/CMakeTmp/CMakeFiles 1
Building C object CMakeFiles/cmTryCompileExec1459847975.dir/CheckSymbolExists.c.o
/usr/bin/cc    -o CMakeFiles/cmTryCompileExec1459847975.dir/CheckSymbolExists.c.o   -c /home/andrew/catkin_ws/src/controller_test/CMakeFiles/CMakeTmp/CheckSymbolExists.c
Linking C executable cmTryCompileExec1459847975
/usr/bin/cmake -E cmake_link_script CMakeFiles/cmTryCompileExec1459847975.dir/link.txt --verbose=1
/usr/bin/cc       CMakeFiles/cmTryCompileExec1459847975.dir/CheckSymbolExists.c.o  -o cmTryCompileExec1459847975 -rdynamic 
CMakeFiles/cmTryCompileExec1459847975.dir/CheckSymbolExists.c.o: In function `main':
CheckSymbolExists.c:(.text+0x16): undefined reference to `pthread_create'
collect2: error: ld returned 1 exit status
make[1]: Leaving directory `/home/andrew/catkin_ws/src/controller_test/CMakeFiles/CMakeTmp'
make[1]: *** [cmTryCompileExec1459847975] Error 1
make: *** [cmTryCompileExec1459847975/fast] Error 2

File /home/andrew/catkin_ws/src/controller_test/CMakeFiles/CMakeTmp/CheckSymbolExists.c:
/* */
#include <pthread.h>

int main(int argc, char** argv)
{
  (void)argv;
#ifndef pthread_create
  return ((int*)(&pthread_create))[argc];
#else
  (void)argc;
  return 0;
#endif
}

Determining if the function pthread_create exists in the pthreads failed with the following output:
Change Dir: /home/andrew/catkin_ws/src/controller_test/CMakeFiles/CMakeTmp

Run Build Command:/usr/bin/make "cmTryCompileExec3491119859/fast"
/usr/bin/make -f CMakeFiles/cmTryCompileExec3491119859.dir/build.make CMakeFiles/cmTryCompileExec3491119859.dir/build
make[1]: Entering directory `/home/andrew/catkin_ws/src/controller_test/CMakeFiles/CMakeTmp'
/usr/bin/cmake -E cmake_progress_report /home/andrew/catkin_ws/src/controller_test/CMakeFiles/CMakeTmp/CMakeFiles 1
Building C object CMakeFiles/cmTryCompileExec3491119859.dir/CheckFunctionExists.c.o
/usr/bin/cc   -DCHECK_FUNCTION_EXISTS=pthread_create   -o CMakeFiles/cmTryCompileExec3491119859.dir/CheckFunctionExists.c.o   -c /usr/share/cmake-2.8/Modules/CheckFunctionExists.c
Linking C executable cmTryCompileExec3491119859
/usr/bin/cmake -E cmake_link_script CMakeFiles/cmTryCompileExec3491119859.dir/link.txt --verbose=1
/usr/bin/cc   -DCHECK_FUNCTION_EXISTS=pthread_create    CMakeFiles/cmTryCompileExec3491119859.dir/CheckFunctionExists.c.o  -o cmTryCompileExec3491119859 -rdynamic -lpthreads 
/usr/bin/ld: cannot find -lpthreads
collect2: error: ld returned 1 exit status
make[1]: Leaving directory `/home/andrew/catkin_ws/src/controller_test/CMakeFiles/CMakeTmp'
make[1]: *** [cmTryCompileExec3491119859] Error 1
make: *** [cmTryCompileExec3491119859/fast] Error 2


